[debug] [2020-11-14T10:46:58.633Z] ----------------------------------------------------------------------
[debug] [2020-11-14T10:46:58.639Z] Command:       /usr/local/bin/node /usr/local/bin/firebase deploy
[debug] [2020-11-14T10:46:58.640Z] CLI Version:   8.14.1
[debug] [2020-11-14T10:46:58.640Z] Platform:      darwin
[debug] [2020-11-14T10:46:58.640Z] Node Version:  v12.16.3
[debug] [2020-11-14T10:46:58.642Z] Time:          Sat Nov 14 2020 11:46:58 GMT+0100 (GMT+01:00)
[debug] [2020-11-14T10:46:58.642Z] ----------------------------------------------------------------------
[debug] [2020-11-14T10:46:58.643Z] 
[debug] [2020-11-14T10:46:58.654Z] > command requires scopes: ["email","openid","https://www.googleapis.com/auth/cloudplatformprojects.readonly","https://www.googleapis.com/auth/firebase","https://www.googleapis.com/auth/cloud-platform"]
[debug] [2020-11-14T10:46:58.655Z] > authorizing via signed-in user
[debug] [2020-11-14T10:46:58.655Z] [iam] checking project deleo-93c9d for permissions ["firebase.projects.get","firebasehosting.sites.update"]
[debug] [2020-11-14T10:46:58.658Z] > refreshing access token with scopes: ["email","https://www.googleapis.com/auth/cloud-platform","https://www.googleapis.com/auth/cloudplatformprojects.readonly","https://www.googleapis.com/auth/firebase","openid"]
[debug] [2020-11-14T10:46:58.658Z] >>> HTTP REQUEST POST https://www.googleapis.com/oauth2/v3/token  
 <request body omitted>
[debug] [2020-11-14T10:46:58.952Z] <<< HTTP RESPONSE 200 {"cache-control":"no-cache, no-store, max-age=0, must-revalidate","expires":"Mon, 01 Jan 1990 00:00:00 GMT","date":"Sat, 14 Nov 2020 10:46:58 GMT","pragma":"no-cache","content-type":"application/json; charset=utf-8","vary":"X-Origin, Referer, Origin,Accept-Encoding","server":"scaffolding on HTTPServer2","x-xss-protection":"0","x-frame-options":"SAMEORIGIN","x-content-type-options":"nosniff","alt-svc":"h3-Q050=\":443\"; ma=2592000,h3-29=\":443\"; ma=2592000,h3-T051=\":443\"; ma=2592000,h3-Q046=\":443\"; ma=2592000,h3-Q043=\":443\"; ma=2592000,quic=\":443\"; ma=2592000; v=\"46,43\"","accept-ranges":"none","transfer-encoding":"chunked"}
[debug] [2020-11-14T10:46:58.966Z] >>> HTTP REQUEST POST https://cloudresourcemanager.googleapis.com/v1/projects/deleo-93c9d:testIamPermissions  
 {"permissions":["firebase.projects.get","firebasehosting.sites.update"]}
[debug] [2020-11-14T10:47:00.076Z] <<< HTTP RESPONSE 200 {"content-type":"application/json; charset=UTF-8","vary":"X-Origin, Referer, Origin,Accept-Encoding","date":"Sat, 14 Nov 2020 10:46:59 GMT","server":"ESF","cache-control":"private","x-xss-protection":"0","x-frame-options":"SAMEORIGIN","x-content-type-options":"nosniff","server-timing":"gfet4t7; dur=555","alt-svc":"h3-Q050=\":443\"; ma=2592000,h3-29=\":443\"; ma=2592000,h3-T051=\":443\"; ma=2592000,h3-Q046=\":443\"; ma=2592000,h3-Q043=\":443\"; ma=2592000,quic=\":443\"; ma=2592000; v=\"46,43\"","accept-ranges":"none","transfer-encoding":"chunked"}
[debug] [2020-11-14T10:47:00.078Z] >>> HTTP REQUEST GET https://firebase.googleapis.com/v1beta1/projects/deleo-93c9d  
 
[debug] [2020-11-14T10:47:00.535Z] <<< HTTP RESPONSE 200 {"content-type":"application/json; charset=UTF-8","vary":"X-Origin, Referer, Origin,Accept-Encoding","date":"Sat, 14 Nov 2020 10:47:00 GMT","server":"ESF","cache-control":"private","x-xss-protection":"0","x-frame-options":"SAMEORIGIN","x-content-type-options":"nosniff","alt-svc":"h3-Q050=\":443\"; ma=2592000,h3-29=\":443\"; ma=2592000,h3-T051=\":443\"; ma=2592000,h3-Q046=\":443\"; ma=2592000,h3-Q043=\":443\"; ma=2592000,quic=\":443\"; ma=2592000; v=\"46,43\"","accept-ranges":"none","transfer-encoding":"chunked"}
[info] 
[info] === Deploying to 'deleo-93c9d'...
[info] 
[info] i  deploying hosting 
[debug] [2020-11-14T10:47:00.540Z] >>> HTTP REQUEST POST https://firebasehosting.googleapis.com/v1beta1/sites/deleo-93c9d/versions  
 {"config":{"rewrites":[{"glob":"**","path":"/index.html"}],"headers":[{"glob":"/service-worker.js","headers":{"Cache-Control":"no-cache"}}]},"labels":{"deployment-tool":"cli-firebase"}}
